<?xml version="1.0" encoding="UTF-8"?>
<!-- Generated by org.testng.reporters.JUnitReportReporter -->
<testsuite hostname="DESKTOP-DEMR4UJ" failures="0" tests="1" name="testNg3.ActitimeBaseTest" time="55.875" errors="0" timestamp="2023-01-24T14:37:34 IST" skipped="0">
  <testcase classname="testNg3.ActitimeBaseTest" name="ActitimeValid" time="55.875"/>
  <system-out/>
</testsuite> <!-- testNg3.ActitimeBaseTest -->
