<?xml version="1.0" encoding="UTF-8"?>
<!-- Generated by org.testng.reporters.JUnitReportReporter -->
<testsuite hostname="DESKTOP-DEMR4UJ" failures="0" tests="1" name="testNg3.Actitimevalid" time="33.977" errors="0" timestamp="2023-01-23T14:27:40 IST" skipped="0">
  <testcase classname="testNg3.Actitimevalid" name="actimevalid" time="33.977"/>
  <system-out/>
</testsuite> <!-- testNg3.Actitimevalid -->
