<?xml version="1.0" encoding="UTF-8"?>
<!-- Generated by org.testng.reporters.JUnitReportReporter -->
<testsuite hostname="DESKTOP-DEMR4UJ" failures="0" tests="1" name="testNg.Lemo" time="0.033" errors="0" timestamp="2023-01-19T15:23:25 IST" skipped="0">
  <testcase classname="testNg.Lemo" name="lemo1" time="0.033"/>
  <system-out>
    <![CDATA[lemo1]]>
  </system-out>
</testsuite> <!-- testNg.Lemo -->
