<?xml version="1.0" encoding="UTF-8"?>
<!-- Generated by org.testng.reporters.JUnitReportReporter -->
<testsuite hostname="DESKTOP-DEMR4UJ" failures="0" tests="12" name="testNgPack2.Flag6" time="0.140" errors="0" timestamp="2023-01-23T13:31:57 IST" skipped="0">
  <testcase classname="testNgPack2.Flag6" name="ft1" time="0.051"/>
  <system-out>
    <![CDATA[Funtional test case]]>
  </system-out>
  <testcase classname="testNgPack2.Flag6" name="ft3" time="0.009"/>
  <system-out>
    <![CDATA[Funtional test case3]]>
  </system-out>
  <testcase classname="testNgPack2.Flag6" name="it1" time="0.009"/>
  <system-out>
    <![CDATA[integration test case]]>
  </system-out>
  <testcase classname="testNgPack2.Flag6" name="it3" time="0.009"/>
  <system-out>
    <![CDATA[integration test case3]]>
  </system-out>
  <testcase classname="testNgPack2.Flag6" name="it4" time="0.007"/>
  <system-out>
    <![CDATA[integration test case4]]>
  </system-out>
  <testcase classname="testNgPack2.Flag6" name="it5" time="0.003"/>
  <system-out>
    <![CDATA[integration test case5]]>
  </system-out>
  <testcase classname="testNgPack2.Flag6" name="ft6" time="0.005"/>
  <system-out>
    <![CDATA[Funtional test case6]]>
  </system-out>
  <testcase classname="testNgPack2.Flag6" name="ft2" time="0.011"/>
  <system-out>
    <![CDATA[Funtional test case2]]>
  </system-out>
  <testcase classname="testNgPack2.Flag6" name="it6" time="0.005"/>
  <system-out>
    <![CDATA[integration test case6]]>
  </system-out>
  <testcase classname="testNgPack2.Flag6" name="it2" time="0.009"/>
  <system-out>
    <![CDATA[integration test case2]]>
  </system-out>
  <testcase classname="testNgPack2.Flag6" name="ft4" time="0.017"/>
  <system-out>
    <![CDATA[Funtional test case4]]>
  </system-out>
  <testcase classname="testNgPack2.Flag6" name="ft5" time="0.005"/>
  <system-out>
    <![CDATA[Funtional test case5]]>
  </system-out>
</testsuite> <!-- testNgPack2.Flag6 -->
