<?xml version="1.0" encoding="UTF-8"?>
<!-- Generated by org.testng.reporters.JUnitReportReporter -->
<testsuite hostname="DESKTOP-DEMR4UJ" failures="0" tests="1" name="testNgPack2.Class3" time="35.657" errors="0" timestamp="2023-01-21T07:01:34 IST" skipped="0">
  <testcase classname="testNgPack2.Class3" name="python" time="35.657"/>
  <system-out/>
</testsuite> <!-- testNgPack2.Class3 -->
