<?xml version="1.0" encoding="UTF-8"?>
<!-- Generated by org.testng.reporters.JUnitReportReporter -->
<testsuite hostname="DESKTOP-DEMR4UJ" failures="0" tests="1" name="testNg3.Acti2" time="98.630" errors="0" timestamp="2023-01-23T14:03:24 IST" skipped="0">
  <testcase classname="testNg3.Acti2" name="actimevalid" time="98.630"/>
  <system-out/>
</testsuite> <!-- testNg3.Acti2 -->
