<?xml version="1.0" encoding="UTF-8"?>
<!-- Generated by org.testng.reporters.JUnitReportReporter -->
<testsuite hostname="DESKTOP-DEMR4UJ" failures="0" tests="1" name="testNgPack2.Class2" time="20.745" errors="0" timestamp="2023-01-21T07:01:35 IST" skipped="0">
  <testcase classname="testNgPack2.Class2" name="java" time="20.745"/>
  <system-out/>
</testsuite> <!-- testNgPack2.Class2 -->
