<?xml version="1.0" encoding="UTF-8"?>
<!-- Generated by org.testng.reporters.JUnitReportReporter -->
<testsuite hostname="DESKTOP-DEMR4UJ" failures="0" tests="3" name="testNg.Remo" time="0.016" errors="0" timestamp="2023-01-19T15:23:25 IST" skipped="0">
  <testcase classname="testNg.Remo" name="remo2" time="0.006"/>
  <system-out>
    <![CDATA[remo2]]>
  </system-out>
  <testcase classname="testNg.Remo" name="remo1" time="0.005"/>
  <system-out>
    <![CDATA[remo]]>
  </system-out>
  <testcase classname="testNg.Remo" name="remo3" time="0.005"/>
  <system-out>
    <![CDATA[remo3]]>
  </system-out>
</testsuite> <!-- testNg.Remo -->
