<?xml version="1.0" encoding="UTF-8"?>
<!-- Generated by org.testng.reporters.JUnitReportReporter -->
<testsuite hostname="DESKTOP-DEMR4UJ" failures="0" tests="2" name="testNg.Demo" time="0.018" errors="0" timestamp="2023-01-19T15:23:25 IST" skipped="0">
  <testcase classname="testNg.Demo" name="demo1" time="0.010"/>
  <system-out>
    <![CDATA[This is demo1]]>
  </system-out>
  <testcase classname="testNg.Demo" name="demo" time="0.008"/>
  <system-out>
    <![CDATA[demo]]>
  </system-out>
</testsuite> <!-- testNg.Demo -->
