<?xml version="1.0" encoding="UTF-8"?>
<!-- Generated by org.testng.reporters.JUnitReportReporter -->
<testsuite hostname="DESKTOP-DEMR4UJ" failures="0" tests="3" name="testNgPack2.NewTest" time="0.050" errors="0" timestamp="2023-01-21T16:12:20 IST" skipped="0">
  <testcase classname="testNgPack2.NewTest" name="test1" time="0.014"/>
  <system-out>
    <![CDATA[test1]]>
  </system-out>
  <testcase classname="testNgPack2.NewTest" name="test" time="0.026"/>
  <system-out>
    <![CDATA[test]]>
  </system-out>
  <testcase classname="testNgPack2.NewTest" name="test2" time="0.010"/>
  <system-out>
    <![CDATA[test1]]>
  </system-out>
</testsuite> <!-- testNgPack2.NewTest -->
