<?xml version="1.0" encoding="UTF-8"?>
<!-- Generated by org.testng.reporters.JUnitReportReporter -->
<testsuite hostname="DESKTOP-DEMR4UJ" failures="0" tests="1" name="testNg3.Acti3" time="100.276" errors="0" timestamp="2023-01-23T14:03:24 IST" skipped="0">
  <testcase classname="testNg3.Acti3" name="actimevalid" time="100.276"/>
  <system-out/>
</testsuite> <!-- testNg3.Acti3 -->
