<?xml version="1.0" encoding="UTF-8"?>
<!-- Generated by org.testng.reporters.JUnitReportReporter -->
<testsuite hostname="DESKTOP-DEMR4UJ" failures="0" tests="6" name="testNgPack2.Prirotiy" time="0.069" errors="0" timestamp="2023-01-21T14:23:40 IST" skipped="0">
  <testcase classname="testNgPack2.Prirotiy" name="z" time="0.035"/>
  <system-out>
    <![CDATA[z]]>
  </system-out>
  <testcase classname="testNgPack2.Prirotiy" name="demo" time="0.007"/>
  <system-out>
    <![CDATA[demo]]>
  </system-out>
  <testcase classname="testNgPack2.Prirotiy" name="demo1" time="0.009"/>
  <system-out>
    <![CDATA[demo1]]>
  </system-out>
  <testcase classname="testNgPack2.Prirotiy" name="h" time="0.007"/>
  <system-out>
    <![CDATA[h]]>
  </system-out>
  <testcase classname="testNgPack2.Prirotiy" name="h1" time="0.006"/>
  <system-out>
    <![CDATA[h1]]>
  </system-out>
  <testcase classname="testNgPack2.Prirotiy" name="lemo" time="0.005"/>
  <system-out>
    <![CDATA[lemo]]>
  </system-out>
</testsuite> <!-- testNgPack2.Prirotiy -->
